<?xml version="1.0" encoding="UTF-8"?>
<testsuite name="ComputerRepairRequestTest" tests="2" skipped="0" failures="0" errors="0" timestamp="2025-03-06T12:45:42" hostname="DESKTOP-O6E85RO" time="0.017">
  <properties/>
  <testcase name="Test Example" classname="ComputerRepairRequestTest" time="0.013"/>
  <testcase name="First Test" classname="ComputerRepairRequestTest" time="0.003"/>
  <system-out><![CDATA[]]></system-out>
  <system-err><![CDATA[]]></system-err>
</testsuite>
