<?xml version="1.0" encoding="UTF-8"?>
<testsuite name="ComputerRepairRequestTest" tests="2" skipped="0" failures="0" errors="0" timestamp="2025-03-06T12:57:59" hostname="DESKTOP-O6E85RO" time="0.028">
  <properties/>
  <testcase name="Test Example" classname="ComputerRepairRequestTest" time="0.016"/>
  <testcase name="First Test" classname="ComputerRepairRequestTest" time="0.01"/>
  <system-out><![CDATA[]]></system-out>
  <system-err><![CDATA[]]></system-err>
</testsuite>
